Using pre-set license
Built from '2021.3/staging' branch; Version is '2021.3.24f1 (cf10dcf7010d) revision 13570268'; Using compiler version '192829333'; Build Type 'Release'
OS: 'Windows 11  (10.0.22621) 64bit Professional' Language: 'en' Physical Memory: 24407 MB
BatchMode: 1, IsHumanControllingUs: 0, StartBugReporterOnCrash: 0, Is64bit: 1, IsPro: 1

COMMAND LINE ARGUMENTS:
D:\Programs\Unity\2021.3.24f1\Editor\Unity.exe
-adb2
-batchMode
-noUpm
-name
AssetImportWorker3
-projectPath
C:/Users/deamo/Word Search
-logFile
Logs/AssetImportWorker3.log
-srvPort
60161
Successfully changed project path to: C:/Users/deamo/Word Search
C:/Users/deamo/Word Search
[UnityMemory] Configuration Parameters - Can be set up in boot.config
    "memorysetup-bucket-allocator-granularity=16"
    "memorysetup-bucket-allocator-bucket-count=8"
    "memorysetup-bucket-allocator-block-size=33554432"
    "memorysetup-bucket-allocator-block-count=8"
    "memorysetup-main-allocator-block-size=16777216"
    "memorysetup-thread-allocator-block-size=16777216"
    "memorysetup-gfx-main-allocator-block-size=16777216"
    "memorysetup-gfx-thread-allocator-block-size=16777216"
    "memorysetup-cache-allocator-block-size=4194304"
    "memorysetup-typetree-allocator-block-size=2097152"
    "memorysetup-profiler-bucket-allocator-granularity=16"
    "memorysetup-profiler-bucket-allocator-bucket-count=8"
    "memorysetup-profiler-bucket-allocator-block-size=33554432"
    "memorysetup-profiler-bucket-allocator-block-count=8"
    "memorysetup-profiler-allocator-block-size=16777216"
    "memorysetup-profiler-editor-allocator-block-size=1048576"
    "memorysetup-temp-allocator-size-main=16777216"
    "memorysetup-job-temp-allocator-block-size=2097152"
    "memorysetup-job-temp-allocator-block-size-background=1048576"
    "memorysetup-job-temp-allocator-reduction-small-platforms=262144"
    "memorysetup-temp-allocator-size-background-worker=32768"
    "memorysetup-temp-allocator-size-job-worker=262144"
    "memorysetup-temp-allocator-size-preload-manager=33554432"
    "memorysetup-temp-allocator-size-nav-mesh-worker=65536"
    "memorysetup-temp-allocator-size-audio-worker=65536"
    "memorysetup-temp-allocator-size-cloud-worker=32768"
    "memorysetup-temp-allocator-size-gi-baking-worker=262144"
    "memorysetup-temp-allocator-size-gfx=262144"
Player connection [24316] Host "[IP] 192.168.66.64 [Port] 0 [Flags] 2 [Guid] 1219467548 [EditorId] 1219467548 [Version] 1048832 [Id] WindowsEditor(7,DESKTOP-8BP1AMP) [Debug] 1 [PackageName] WindowsEditor [ProjectName] Editor" joined multi-casting on [225.0.0.222:54997]...

Player connection [24316] Host "[IP] 192.168.66.64 [Port] 0 [Flags] 2 [Guid] 1219467548 [EditorId] 1219467548 [Version] 1048832 [Id] WindowsEditor(7,DESKTOP-8BP1AMP) [Debug] 1 [PackageName] WindowsEditor [ProjectName] Editor" joined alternative multi-casting on [225.0.0.222:34997]...

Refreshing native plugins compatible for Editor in 113.55 ms, found 4 plugins.
Preloading 0 native plugins for Editor in 0.00 ms.
Initialize engine version: 2021.3.24f1 (cf10dcf7010d)
[Subsystems] Discovering subsystems at path D:/Programs/Unity/2021.3.24f1/Editor/Data/Resources/UnitySubsystems
[Subsystems] Discovering subsystems at path C:/Users/deamo/Word Search/Assets
GfxDevice: creating device client; threaded=0; jobified=0
Direct3D:
    Version:  Direct3D 11.0 [level 11.1]
    Renderer: NVIDIA GeForce RTX 2060 (ID=0x1f15)
    Vendor:   NVIDIA
    VRAM:     5968 MB
    Driver:   31.0.15.3699
Initialize mono
Mono path[0] = 'D:/Programs/Unity/2021.3.24f1/Editor/Data/Managed'
Mono path[1] = 'D:/Programs/Unity/2021.3.24f1/Editor/Data/MonoBleedingEdge/lib/mono/unityjit-win32'
Mono config path = 'D:/Programs/Unity/2021.3.24f1/Editor/Data/MonoBleedingEdge/etc'
Using monoOptions --debugger-agent=transport=dt_socket,embedding=1,server=y,suspend=n,address=127.0.0.1:56740
Begin MonoManager ReloadAssembly
Registering precompiled unity dll's ...
Register platform support module: D:/Programs/Unity/2021.3.24f1/Editor/Data/PlaybackEngines/AndroidPlayer/UnityEditor.Android.Extensions.dll
Register platform support module: D:/Programs/Unity/2021.3.24f1/Editor/Data/PlaybackEngines/WindowsStandaloneSupport/UnityEditor.WindowsStandalone.Extensions.dll
Registered in 0.002184 seconds.
Native extension for WindowsStandalone target not found
Native extension for Android target not found
Android Extension - Scanning For ADB Devices 208 ms
Refreshing native plugins compatible for Editor in 122.61 ms, found 4 plugins.
Preloading 0 native plugins for Editor in 0.00 ms.
Mono: successfully reloaded assembly
- Completed reload, in  0.942 seconds
Domain Reload Profiling:
	ReloadAssembly (943ms)
		BeginReloadAssembly (86ms)
			ExecutionOrderSort (0ms)
			DisableScriptedObjects (0ms)
			BackupInstance (0ms)
			ReleaseScriptingObjects (0ms)
			CreateAndSetChildDomain (1ms)
		EndReloadAssembly (762ms)
			LoadAssemblies (85ms)
			RebuildTransferFunctionScriptingTraits (0ms)
			SetupTypeCache (117ms)
			ReleaseScriptCaches (0ms)
			RebuildScriptCaches (32ms)
			SetupLoadedEditorAssemblies (560ms)
				LogAssemblyErrors (0ms)
				InitializePlatformSupportModulesInManaged (292ms)
				SetLoadedEditorAssemblies (0ms)
				RefreshPlugins (123ms)
				BeforeProcessingInitializeOnLoad (1ms)
				ProcessInitializeOnLoadAttributes (96ms)
				ProcessInitializeOnLoadMethodAttributes (48ms)
				AfterProcessingInitializeOnLoad (0ms)
				EditorAssembliesLoaded (0ms)
			ExecutionOrderSort2 (0ms)
			AwakeInstancesAfterBackupRestoration (0ms)
Platform modules already initialized, skipping
Registering precompiled user dll's ...
Registered in 0.005440 seconds.
Begin MonoManager ReloadAssembly
Symbol file LoadedFromMemory doesn't match image C:\Users\deamo\Word Search\Library\PackageCache\com.unity.visualscripting@1.8.0\Editor\VisualScripting.Core\Dependencies\YamlDotNet\Unity.VisualScripting.YamlDotNet.dll
Symbol file LoadedFromMemory doesn't match image C:\Users\deamo\Word Search\Library\PackageCache\com.unity.visualscripting@1.8.0\Editor\VisualScripting.Core\Dependencies\DotNetZip\Unity.VisualScripting.IonicZip.dll
Native extension for WindowsStandalone target not found
Native extension for Android target not found
Refreshing native plugins compatible for Editor in 118.46 ms, found 4 plugins.
Preloading 0 native plugins for Editor in 0.00 ms.
Mono: successfully reloaded assembly
Package Manager log level set to [2]
- Completed reload, in  1.189 seconds
Domain Reload Profiling:
	ReloadAssembly (1190ms)
		BeginReloadAssembly (115ms)
			ExecutionOrderSort (0ms)
			DisableScriptedObjects (7ms)
			BackupInstance (0ms)
			ReleaseScriptingObjects (0ms)
			CreateAndSetChildDomain (18ms)
		EndReloadAssembly (972ms)
			LoadAssemblies (89ms)
			RebuildTransferFunctionScriptingTraits (0ms)
			SetupTypeCache (263ms)
			ReleaseScriptCaches (1ms)
			RebuildScriptCaches (69ms)
			SetupLoadedEditorAssemblies (485ms)
				LogAssemblyErrors (0ms)
				InitializePlatformSupportModulesInManaged (16ms)
				SetLoadedEditorAssemblies (0ms)
				RefreshPlugins (119ms)
				BeforeProcessingInitializeOnLoad (96ms)
				ProcessInitializeOnLoadAttributes (214ms)
				ProcessInitializeOnLoadMethodAttributes (38ms)
				AfterProcessingInitializeOnLoad (2ms)
				EditorAssembliesLoaded (0ms)
			ExecutionOrderSort2 (0ms)
			AwakeInstancesAfterBackupRestoration (5ms)
Platform modules already initialized, skipping
========================================================================
Worker process is ready to serve import requests
Launched and connected shader compiler UnityShaderCompiler.exe after 0.03 seconds
Refreshing native plugins compatible for Editor in 0.78 ms, found 4 plugins.
Preloading 0 native plugins for Editor in 0.00 ms.
Unloading 3986 Unused Serialized files (Serialized files now loaded: 0)
Unloading 56 unused Assets / (229.0 KB). Loaded Objects now: 4427.
Memory consumption went from 150.2 MB to 150.0 MB.
Total: 3.516200 ms (FindLiveObjects: 0.327700 ms CreateObjectMapping: 0.264900 ms MarkObjects: 2.775600 ms  DeleteObjects: 0.147300 ms)

AssetImportParameters requested are different than current active one (requested -> active):
  custom:video-decoder-ogg-theora: a1e56fd34408186e4bbccfd4996cb3dc -> 
  custom:container-muxer-webm: aa71ff27fc2769a1b78a27578f13a17b -> 
  custom:container-demuxer-webm: 4f35f7cbe854078d1ac9338744f61a02 -> 
  custom:video-encoder-webm-vp8: eb34c28f22e8b96e1ab97ce403110664 -> 
  custom:audio-encoder-webm-vorbis: bf7c407c2cedff20999df2af8eb42d56 -> 
  custom:framework-win-MediaFoundation: 216162199b28c13a410421893ffa2e32 -> 
  custom:container-demuxer-ogg: 62fdf1f143b41e24485cea50d1cbac27 -> 
  custom:video-decoder-webm-vp8: 9c59270c3fd7afecdb556c50c9e8de78 -> 
  custom:audio-decoder-ogg-vorbis: bf7c407c2cedff20999df2af8eb42d56 -> 
========================================================================
Received Prepare
Registering precompiled user dll's ...
Registered in 0.005828 seconds.
Begin MonoManager ReloadAssembly
Symbol file LoadedFromMemory doesn't match image C:\Users\deamo\Word Search\Library\PackageCache\com.unity.visualscripting@1.8.0\Editor\VisualScripting.Core\Dependencies\YamlDotNet\Unity.VisualScripting.YamlDotNet.dll
Symbol file LoadedFromMemory doesn't match image C:\Users\deamo\Word Search\Library\PackageCache\com.unity.visualscripting@1.8.0\Editor\VisualScripting.Core\Dependencies\DotNetZip\Unity.VisualScripting.IonicZip.dll
Native extension for WindowsStandalone target not found
Native extension for Android target not found
Refreshing native plugins compatible for Editor in 1.05 ms, found 4 plugins.
Preloading 0 native plugins for Editor in 0.00 ms.
Mono: successfully reloaded assembly
- Completed reload, in  1.401 seconds
Domain Reload Profiling:
	ReloadAssembly (1402ms)
		BeginReloadAssembly (161ms)
			ExecutionOrderSort (0ms)
			DisableScriptedObjects (10ms)
			BackupInstance (0ms)
			ReleaseScriptingObjects (0ms)
			CreateAndSetChildDomain (42ms)
		EndReloadAssembly (1117ms)
			LoadAssemblies (116ms)
			RebuildTransferFunctionScriptingTraits (0ms)
			SetupTypeCache (340ms)
			ReleaseScriptCaches (2ms)
			RebuildScriptCaches (60ms)
			SetupLoadedEditorAssemblies (501ms)
				LogAssemblyErrors (0ms)
				InitializePlatformSupportModulesInManaged (21ms)
				SetLoadedEditorAssemblies (1ms)
				RefreshPlugins (1ms)
				BeforeProcessingInitializeOnLoad (117ms)
				ProcessInitializeOnLoadAttributes (300ms)
				ProcessInitializeOnLoadMethodAttributes (59ms)
				AfterProcessingInitializeOnLoad (3ms)
				EditorAssembliesLoaded (0ms)
			ExecutionOrderSort2 (0ms)
			AwakeInstancesAfterBackupRestoration (11ms)
Platform modules already initialized, skipping
Refreshing native plugins compatible for Editor in 4.87 ms, found 4 plugins.
Preloading 0 native plugins for Editor in 0.00 ms.
Unloading 3981 Unused Serialized files (Serialized files now loaded: 0)
Unloading 43 unused Assets / (195.4 KB). Loaded Objects now: 4430.
Memory consumption went from 149.7 MB to 149.5 MB.
Total: 4.223800 ms (FindLiveObjects: 0.341700 ms CreateObjectMapping: 0.270900 ms MarkObjects: 3.423800 ms  DeleteObjects: 0.186000 ms)

AssetImportParameters requested are different than current active one (requested -> active):
  custom:video-decoder-ogg-theora: a1e56fd34408186e4bbccfd4996cb3dc -> 
  custom:container-muxer-webm: aa71ff27fc2769a1b78a27578f13a17b -> 
  custom:container-demuxer-webm: 4f35f7cbe854078d1ac9338744f61a02 -> 
  custom:video-encoder-webm-vp8: eb34c28f22e8b96e1ab97ce403110664 -> 
  custom:audio-encoder-webm-vorbis: bf7c407c2cedff20999df2af8eb42d56 -> 
  custom:framework-win-MediaFoundation: 216162199b28c13a410421893ffa2e32 -> 
  custom:container-demuxer-ogg: 62fdf1f143b41e24485cea50d1cbac27 -> 
  custom:video-decoder-webm-vp8: 9c59270c3fd7afecdb556c50c9e8de78 -> 
  custom:audio-decoder-ogg-vorbis: bf7c407c2cedff20999df2af8eb42d56 -> 
========================================================================
Received Import Request.
  Time since last request: 18989.465391 seconds.
  path: Assets/Resources/New Game Data.asset
  artifactKey: Guid(e50dd0dfddf370f4ca0f63a170949ba8) Importer(815301076,1909f56bfc062723c751e8b465ee728b)
Start importing Assets/Resources/New Game Data.asset using Guid(e50dd0dfddf370f4ca0f63a170949ba8) Importer(815301076,1909f56bfc062723c751e8b465ee728b)  -> (artifact id: '7b3ad170b15bd773a4da3ad4c0b39d40') in 0.040370 seconds 
========================================================================
Received Import Request.
  Time since last request: 5.097577 seconds.
  path: Assets/Resources/New Game Data.asset
  artifactKey: Guid(e50dd0dfddf370f4ca0f63a170949ba8) Importer(815301076,1909f56bfc062723c751e8b465ee728b)
Start importing Assets/Resources/New Game Data.asset using Guid(e50dd0dfddf370f4ca0f63a170949ba8) Importer(815301076,1909f56bfc062723c751e8b465ee728b)  -> (artifact id: 'e5aa7536bd712264142b1717cf63fbf1') in 0.002593 seconds 
========================================================================
Received Import Request.
  Time since last request: 124.819011 seconds.
  path: Assets/Grpahics/Letters/Plain/B.png
  artifactKey: Guid(317106b077490004c82c187b970bed64) Importer(815301076,1909f56bfc062723c751e8b465ee728b)
Start importing Assets/Grpahics/Letters/Plain/B.png using Guid(317106b077490004c82c187b970bed64) Importer(815301076,1909f56bfc062723c751e8b465ee728b)  -> (artifact id: '9d068b502640a809488d66e152c937dc') in 0.102518 seconds 
========================================================================
Received Import Request.
  Time since last request: 0.000021 seconds.
  path: Assets/Grpahics/Letters/Plain/I.png
  artifactKey: Guid(165282021de25c24eb8b16b94433f6fd) Importer(815301076,1909f56bfc062723c751e8b465ee728b)
Start importing Assets/Grpahics/Letters/Plain/I.png using Guid(165282021de25c24eb8b16b94433f6fd) Importer(815301076,1909f56bfc062723c751e8b465ee728b)  -> (artifact id: '796c105cb43857ed9a07424fe71fe8ab') in 0.018081 seconds 
========================================================================
Received Import Request.
  Time since last request: 0.000028 seconds.
  path: Assets/Grpahics/Letters/Plain/X.png
  artifactKey: Guid(055d6d4dcc1d64b43961bda49a577fae) Importer(815301076,1909f56bfc062723c751e8b465ee728b)
Start importing Assets/Grpahics/Letters/Plain/X.png using Guid(055d6d4dcc1d64b43961bda49a577fae) Importer(815301076,1909f56bfc062723c751e8b465ee728b)  -> (artifact id: '599350958445034b34666e76edf3e995') in 0.025981 seconds 
========================================================================
Received Import Request.
  Time since last request: 0.000049 seconds.
  path: Assets/Grpahics/Letters/Plain/E.png
  artifactKey: Guid(dc595cdfa36b1874dbe9bec1ad01ebc5) Importer(815301076,1909f56bfc062723c751e8b465ee728b)
Start importing Assets/Grpahics/Letters/Plain/E.png using Guid(dc595cdfa36b1874dbe9bec1ad01ebc5) Importer(815301076,1909f56bfc062723c751e8b465ee728b)  -> (artifact id: 'fb89e6429b7d444f914d3a2d78df29a9') in 0.024147 seconds 
========================================================================
Received Import Request.
  Time since last request: 0.000027 seconds.
  path: Assets/Grpahics/Letters/Plain/U.png
  artifactKey: Guid(4b6bac8539f595949af77359b22937a6) Importer(815301076,1909f56bfc062723c751e8b465ee728b)
Start importing Assets/Grpahics/Letters/Plain/U.png using Guid(4b6bac8539f595949af77359b22937a6) Importer(815301076,1909f56bfc062723c751e8b465ee728b)  -> (artifact id: '245d3dd21d59ddf1deebea0a5941cacd') in 0.020750 seconds 
========================================================================
Received Import Request.
  Time since last request: 0.000025 seconds.
  path: Assets/Grpahics/Letters/Plain/Z.png
  artifactKey: Guid(eb45691e062192b4bbc9ea1895b07e2a) Importer(815301076,1909f56bfc062723c751e8b465ee728b)
Start importing Assets/Grpahics/Letters/Plain/Z.png using Guid(eb45691e062192b4bbc9ea1895b07e2a) Importer(815301076,1909f56bfc062723c751e8b465ee728b)  -> (artifact id: 'ad0e1901b3e56e2301d046d904841752') in 0.022923 seconds 
========================================================================
Received Import Request.
  Time since last request: 0.000023 seconds.
  path: Assets/Grpahics/Letters/Plain/V.png
  artifactKey: Guid(2a774890727e3444a93ea693b74b910f) Importer(815301076,1909f56bfc062723c751e8b465ee728b)
Start importing Assets/Grpahics/Letters/Plain/V.png using Guid(2a774890727e3444a93ea693b74b910f) Importer(815301076,1909f56bfc062723c751e8b465ee728b)  -> (artifact id: 'a38a6774d052ff7043719082b4e20175') in 0.024197 seconds 
========================================================================
Received Import Request.
  Time since last request: 0.000025 seconds.
  path: Assets/Grpahics/Letters/Plain/M.png
  artifactKey: Guid(5921ed2a3db0922469f529221486620b) Importer(815301076,1909f56bfc062723c751e8b465ee728b)
Start importing Assets/Grpahics/Letters/Plain/M.png using Guid(5921ed2a3db0922469f529221486620b) Importer(815301076,1909f56bfc062723c751e8b465ee728b)  -> (artifact id: '8826b6bd3f5fd70f3453979677859893') in 0.023204 seconds 
========================================================================
Received Import Request.
  Time since last request: 0.000028 seconds.
  path: Assets/Grpahics/Letters/Plain/L.png
  artifactKey: Guid(7857cd0e511dde941b7a05e33cff5a81) Importer(815301076,1909f56bfc062723c751e8b465ee728b)
Start importing Assets/Grpahics/Letters/Plain/L.png using Guid(7857cd0e511dde941b7a05e33cff5a81) Importer(815301076,1909f56bfc062723c751e8b465ee728b)  -> (artifact id: '6260b4685a612b5cbc2cafd5f7dbc4fd') in 0.021816 seconds 
========================================================================
Received Import Request.
  Time since last request: 0.000028 seconds.
  path: Assets/Grpahics/Letters/Plain/H.png
  artifactKey: Guid(581d42785ba515d4ba68de3242fa032e) Importer(815301076,1909f56bfc062723c751e8b465ee728b)
Start importing Assets/Grpahics/Letters/Plain/H.png using Guid(581d42785ba515d4ba68de3242fa032e) Importer(815301076,1909f56bfc062723c751e8b465ee728b)  -> (artifact id: 'b8c992cea8575969ef3b1ca58398d88d') in 0.026944 seconds 
========================================================================
Received Import Request.
  Time since last request: 0.000021 seconds.
  path: Assets/Grpahics/Letters/Plain/K.png
  artifactKey: Guid(292e844031aa9ee42978eb3fed06c9fa) Importer(815301076,1909f56bfc062723c751e8b465ee728b)
Start importing Assets/Grpahics/Letters/Plain/K.png using Guid(292e844031aa9ee42978eb3fed06c9fa) Importer(815301076,1909f56bfc062723c751e8b465ee728b)  -> (artifact id: '4897699f336981623341e8f584b7344a') in 0.019586 seconds 
========================================================================
Received Import Request.
  Time since last request: 0.000030 seconds.
  path: Assets/Grpahics/Letters/Plain/O.png
  artifactKey: Guid(906fc818dece1c1469b5f6d18d8af520) Importer(815301076,1909f56bfc062723c751e8b465ee728b)
Start importing Assets/Grpahics/Letters/Plain/O.png using Guid(906fc818dece1c1469b5f6d18d8af520) Importer(815301076,1909f56bfc062723c751e8b465ee728b)  -> (artifact id: 'f56964a8f6d5dccf10f582a9c7f55734') in 0.019373 seconds 
========================================================================
Received Import Request.
  Time since last request: 0.000022 seconds.
  path: Assets/Grpahics/Letters/Plain/N.png
  artifactKey: Guid(fb41bf8948f1d214eb8d25d74755c85f) Importer(815301076,1909f56bfc062723c751e8b465ee728b)
Start importing Assets/Grpahics/Letters/Plain/N.png using Guid(fb41bf8948f1d214eb8d25d74755c85f) Importer(815301076,1909f56bfc062723c751e8b465ee728b)  -> (artifact id: '1f5559a9ecf664f95480bc424bd77cd5') in 0.019252 seconds 
========================================================================
Received Import Request.
  Time since last request: 138.670923 seconds.
  path: Assets/Grpahics/Letters/Normal/B.png
  artifactKey: Guid(d9373a4206f91784fb304ee1b67b7cfc) Importer(815301076,1909f56bfc062723c751e8b465ee728b)
Start importing Assets/Grpahics/Letters/Normal/B.png using Guid(d9373a4206f91784fb304ee1b67b7cfc) Importer(815301076,1909f56bfc062723c751e8b465ee728b)  -> (artifact id: '0647a6a07c70473db6de82cbb498d294') in 0.031607 seconds 
========================================================================
Received Import Request.
  Time since last request: 0.000018 seconds.
  path: Assets/Grpahics/Letters/Normal/Q.png
  artifactKey: Guid(1814b503c6ff2e54b94562df14417688) Importer(815301076,1909f56bfc062723c751e8b465ee728b)
Start importing Assets/Grpahics/Letters/Normal/Q.png using Guid(1814b503c6ff2e54b94562df14417688) Importer(815301076,1909f56bfc062723c751e8b465ee728b)  -> (artifact id: '032290a01ef835c043927852f1120dd1') in 0.023123 seconds 
========================================================================
Received Import Request.
  Time since last request: 0.000029 seconds.
  path: Assets/Grpahics/Letters/Normal/I.png
  artifactKey: Guid(0ed84a44654d98f4ea3c506164f25ac0) Importer(815301076,1909f56bfc062723c751e8b465ee728b)
Start importing Assets/Grpahics/Letters/Normal/I.png using Guid(0ed84a44654d98f4ea3c506164f25ac0) Importer(815301076,1909f56bfc062723c751e8b465ee728b)  -> (artifact id: '94f31ab1fef533e65f3df41c41d01941') in 0.022894 seconds 
========================================================================
Received Import Request.
  Time since last request: 0.000027 seconds.
  path: Assets/Grpahics/Letters/Normal/C.png
  artifactKey: Guid(894ac9f450833294f8f8403a84a8fdf8) Importer(815301076,1909f56bfc062723c751e8b465ee728b)
Start importing Assets/Grpahics/Letters/Normal/C.png using Guid(894ac9f450833294f8f8403a84a8fdf8) Importer(815301076,1909f56bfc062723c751e8b465ee728b)  -> (artifact id: '83d999ee500462d00b386baf7756878c') in 0.022381 seconds 
========================================================================
Received Import Request.
  Time since last request: 0.000029 seconds.
  path: Assets/Grpahics/Letters/Normal/X.png
  artifactKey: Guid(bd83e56316bf29d4cbc89c32df3fae6b) Importer(815301076,1909f56bfc062723c751e8b465ee728b)
Start importing Assets/Grpahics/Letters/Normal/X.png using Guid(bd83e56316bf29d4cbc89c32df3fae6b) Importer(815301076,1909f56bfc062723c751e8b465ee728b)  -> (artifact id: 'fb63f35f3cbdbb6c5b5407a44e5a48a2') in 0.024918 seconds 
========================================================================
Received Import Request.
  Time since last request: 0.000040 seconds.
  path: Assets/Grpahics/Letters/Normal/M.png
  artifactKey: Guid(62d144ed8b66e564a90c544950d33063) Importer(815301076,1909f56bfc062723c751e8b465ee728b)
Start importing Assets/Grpahics/Letters/Normal/M.png using Guid(62d144ed8b66e564a90c544950d33063) Importer(815301076,1909f56bfc062723c751e8b465ee728b)  -> (artifact id: 'dc17038f3040ba7d0e80cdd0cf9d41ee') in 0.024949 seconds 
========================================================================
Received Import Request.
  Time since last request: 0.000022 seconds.
  path: Assets/Grpahics/Letters/Normal/Z.png
  artifactKey: Guid(5d55d2e63db3f5444b42ef4cb2298c08) Importer(815301076,1909f56bfc062723c751e8b465ee728b)
Start importing Assets/Grpahics/Letters/Normal/Z.png using Guid(5d55d2e63db3f5444b42ef4cb2298c08) Importer(815301076,1909f56bfc062723c751e8b465ee728b)  -> (artifact id: '8dd74c7b3fe9e09288b4051d545c1199') in 0.024147 seconds 
========================================================================
Received Import Request.
  Time since last request: 0.000031 seconds.
  path: Assets/Grpahics/Letters/Normal/H.png
  artifactKey: Guid(a46daa9f15be5fb4a9d20bf98964584e) Importer(815301076,1909f56bfc062723c751e8b465ee728b)
Start importing Assets/Grpahics/Letters/Normal/H.png using Guid(a46daa9f15be5fb4a9d20bf98964584e) Importer(815301076,1909f56bfc062723c751e8b465ee728b)  -> (artifact id: '1250cdf971f8a85897ffc2bbec930201') in 0.024643 seconds 
========================================================================
Received Import Request.
  Time since last request: 0.000031 seconds.
  path: Assets/Grpahics/Letters/Normal/F.png
  artifactKey: Guid(8d9bfe1e33707a2439d9516474a22ac0) Importer(815301076,1909f56bfc062723c751e8b465ee728b)
Start importing Assets/Grpahics/Letters/Normal/F.png using Guid(8d9bfe1e33707a2439d9516474a22ac0) Importer(815301076,1909f56bfc062723c751e8b465ee728b)  -> (artifact id: '2f85f436afb3a1549bc8e2ea9c8f2c0d') in 0.021849 seconds 
========================================================================
Received Import Request.
  Time since last request: 0.000024 seconds.
  path: Assets/Grpahics/Letters/Normal/K.png
  artifactKey: Guid(a9fe8655f3032d841a3d38b3658de537) Importer(815301076,1909f56bfc062723c751e8b465ee728b)
Start importing Assets/Grpahics/Letters/Normal/K.png using Guid(a9fe8655f3032d841a3d38b3658de537) Importer(815301076,1909f56bfc062723c751e8b465ee728b)  -> (artifact id: '4169597e5fa34d79b02044016eb0557d') in 0.024129 seconds 
========================================================================
Received Import Request.
  Time since last request: 0.000026 seconds.
  path: Assets/Grpahics/Letters/Normal/O.png
  artifactKey: Guid(69305085c21cc7244a11bd1f464aea4d) Importer(815301076,1909f56bfc062723c751e8b465ee728b)
Start importing Assets/Grpahics/Letters/Normal/O.png using Guid(69305085c21cc7244a11bd1f464aea4d) Importer(815301076,1909f56bfc062723c751e8b465ee728b)  -> (artifact id: 'b783c4681430a8433c73ac002e67b415') in 0.021761 seconds 
========================================================================
Received Import Request.
  Time since last request: 0.000029 seconds.
  path: Assets/Grpahics/Letters/Normal/N.png
  artifactKey: Guid(d786c4e577408e94db4dce7a6ae7c611) Importer(815301076,1909f56bfc062723c751e8b465ee728b)
Start importing Assets/Grpahics/Letters/Normal/N.png using Guid(d786c4e577408e94db4dce7a6ae7c611) Importer(815301076,1909f56bfc062723c751e8b465ee728b)  -> (artifact id: 'b3a887705543eae404ff8f5cb10c4017') in 0.020804 seconds 
========================================================================
Received Import Request.
  Time since last request: 0.000024 seconds.
  path: Assets/Grpahics/Letters/Normal/Y.png
  artifactKey: Guid(d120599ca7f16724dbaaa0d1026bc2dc) Importer(815301076,1909f56bfc062723c751e8b465ee728b)
Start importing Assets/Grpahics/Letters/Normal/Y.png using Guid(d120599ca7f16724dbaaa0d1026bc2dc) Importer(815301076,1909f56bfc062723c751e8b465ee728b)  -> (artifact id: '097d2382e882e157871682eea8793320') in 0.019344 seconds 
========================================================================
Received Import Request.
  Time since last request: 0.000040 seconds.
  path: Assets/Grpahics/Letters/Normal/T.png
  artifactKey: Guid(0dbcd050b8bef3b429781039338597e0) Importer(815301076,1909f56bfc062723c751e8b465ee728b)
Start importing Assets/Grpahics/Letters/Normal/T.png using Guid(0dbcd050b8bef3b429781039338597e0) Importer(815301076,1909f56bfc062723c751e8b465ee728b)  -> (artifact id: '3133405b7c39ea38c7b354a3a34d2905') in 0.022380 seconds 
========================================================================
Received Import Request.
  Time since last request: 0.000023 seconds.
  path: Assets/Grpahics/Letters/Normal/D.png
  artifactKey: Guid(ea9f2753a6504914b90fe6e4964e1291) Importer(815301076,1909f56bfc062723c751e8b465ee728b)
Start importing Assets/Grpahics/Letters/Normal/D.png using Guid(ea9f2753a6504914b90fe6e4964e1291) Importer(815301076,1909f56bfc062723c751e8b465ee728b)  -> (artifact id: '2c309e32199015d4e8c99d31e1c02a4b') in 0.020597 seconds 
Editor requested this worker to shutdown with reason: Scaling down because of idle timeout
AssetImportWorker is now disconnected from the server
Process exiting
Exiting without the bug reporter. Application will terminate with return code 0